<?xml version="1.0" encoding="UTF-8"?>
<!-- Generated by org.testng.reporters.JUnitXMLReporter -->
<testsuite ignored="0" hostname="Anurag_Maurya" failures="3" tests="7" name="Smoke + Functional + Negative" time="31.101" errors="0" timestamp="2026-02-03T19:51:15 IST">
  <testcase classname="functional.FlightBookingTestWithDetail" name="flightBookingsWithDataDriven" time="2.358"/>
  <testcase classname="functional.FlightBookingTestWithDetail" name="flightBookingsWithDataDriven" time="2.227"/>
  <testcase classname="functional.FlightBookingTestWithDetail" name="flightBookingsWithDataDriven" time="2.307"/>
  <testcase classname="smoke.HappyPathTest" name="happyPathSmoke" time="2.136"/>
  <testcase classname="negative.FlightBookingTestWithRequireFieldBlank" name="testWithRequireFieldBlank" time="2.114">
    <failure type="java.lang.AssertionError" message="BUG is present: WebSite allows booking even when required fields are blank expected [false] but found [true]">
      <![CDATA[java.lang.AssertionError: BUG is present: WebSite allows booking even when required fields are blank expected [false] but found [true]
at negative.FlightBookingTestWithRequireFieldBlank.testWithRequireFieldBlank(FlightBookingTestWithRequireFieldBlank.java:41)
at java.base/java.util.ArrayList.forEach(ArrayList.java:1604)
... Removed 28 stack frames]]>
    </failure>
  </testcase> <!-- testWithRequireFieldBlank -->
  <testcase classname="negative.FlightBookingTestWithBlankCCDetail" name="testWithBlankCCDetail" time="2.108">
    <failure type="java.lang.AssertionError" message="BUG : WebSite allows to book flight even when credit card details are not filed  expected [false] but found [true]">
      <![CDATA[java.lang.AssertionError: BUG : WebSite allows to book flight even when credit card details are not filed  expected [false] but found [true]
at negative.FlightBookingTestWithBlankCCDetail.testWithBlankCCDetail(FlightBookingTestWithBlankCCDetail.java:40)
at java.base/java.util.ArrayList.forEach(ArrayList.java:1604)
... Removed 28 stack frames]]>
    </failure>
  </testcase> <!-- testWithBlankCCDetail -->
  <testcase classname="negative.FlightBookingTestWithNonNumericCCDetails" name="testWithNonNumericCCDetail" time="2.674">
    <failure type="java.lang.AssertionError" message="BUG is present: WebPage navigateed to confirmation page even when credit card number are non numeric expected [false] but found [true]">
      <![CDATA[java.lang.AssertionError: BUG is present: WebPage navigateed to confirmation page even when credit card number are non numeric expected [false] but found [true]
at negative.FlightBookingTestWithNonNumericCCDetails.testWithNonNumericCCDetail(FlightBookingTestWithNonNumericCCDetails.java:42)
at java.base/java.util.ArrayList.forEach(ArrayList.java:1604)
... Removed 28 stack frames]]>
    </failure>
  </testcase> <!-- testWithNonNumericCCDetail -->
</testsuite> <!-- Smoke + Functional + Negative -->
