<html>
<head>
<title>TestNG:  Smoke + Functional + Negative</title>
<link href="../testng.css" rel="stylesheet" type="text/css" />
<link href="../my-testng.css" rel="stylesheet" type="text/css" />

<style type="text/css">
.log { display: none;} 
.stack-trace { display: none;} 
</style>
<script type="text/javascript">
<!--
function flip(e) {
  current = e.style.display;
  if (current == 'block') {
    e.style.display = 'none';
    return 0;
  }
  else {
    e.style.display = 'block';
    return 1;
  }
}

function toggleBox(szDivId, elem, msg1, msg2)
{
  var res = -1;  if (document.getElementById) {
    res = flip(document.getElementById(szDivId));
  }
  else if (document.all) {
    // this is the way old msie versions work
    res = flip(document.all[szDivId]);
  }
  if(elem) {
    if(res == 0) elem.innerHTML = msg1; else elem.innerHTML = msg2;
  }

}

function toggleAllBoxes() {
  if (document.getElementsByTagName) {
    d = document.getElementsByTagName('div');
    for (i = 0; i < d.length; i++) {
      if (d[i].className == 'log') {
        flip(d[i]);
      }
    }
  }
}

// -->
</script>

</head>
<body>
<h2 align='center'>Smoke + Functional + Negative</h2><table border='1' align="center">
<tr>
<td>Tests passed/Failed/Skipped:</td><td>4/3/0</td>
</tr><tr>
<td>Started on:</td><td>Thu Feb 05 00:41:38 IST 2026</td>
</tr>
<tr><td>Total time:</td><td>30 seconds (30676 ms)</td>
</tr><tr>
<td>Included groups:</td><td>functional negative smoke </td>
</tr><tr>
<td>Excluded groups:</td><td></td>
</tr>
</table><p/>
<small><i>(Hover the method name to see the test class name)</i></small><p/>
<table width='100%' border='1' class='invocation-failed'>
<tr><td colspan='4' align='center'><b>FAILED TESTS</b></td></tr>
<tr><td><b>Test method</b></td>
<td><b>Attribute(s)</b></td>
<td width="30%"><b>Exception</b></td>
<td width="10%"><b>Time (seconds)</b></td>
<td><b>Instance</b></td>
</tr>
<tr>
<td title='negative.FlightBookingTestWithNonNumericCCDetails.testWithNonNumericCCDetail()'><b>testWithNonNumericCCDetail</b><br>Test class: negative.FlightBookingTestWithNonNumericCCDetails<br>Parameters: Philadelphia, London, Vivek, 6832 Sector 4, Noida, UP, 201318, Diner's Club, $^FlightBooking*#%, 09, 2030, Vivekanand</td>
<td><div><pre>java.lang.AssertionError: BUG is present: WebPage navigateed to confirmation page even when credit card number are non numeric expected [false] but found [true]
	at negative.FlightBookingTestWithNonNumericCCDetails.testWithNonNumericCCDetail(FlightBookingTestWithNonNumericCCDetails.java:43)
	at java.base/java.util.ArrayList.forEach(ArrayList.java:1604)
... Removed 28 stack frames</pre></div><a href='#' onClick='toggleBox("stack-trace115139998", this, "Click to show all stack frames", "Click to hide stack frames")'>Click to show all stack frames</a>
<div class='stack-trace' id='stack-trace115139998'><pre>java.lang.AssertionError: BUG is present: WebPage navigateed to confirmation page even when credit card number are non numeric expected [false] but found [true]
	at org.testng.Assert.fail(Assert.java:111)
	at org.testng.Assert.failNotEquals(Assert.java:1590)
	at org.testng.Assert.assertFalse(Assert.java:79)
	at negative.FlightBookingTestWithNonNumericCCDetails.testWithNonNumericCCDetail(FlightBookingTestWithNonNumericCCDetails.java:43)
	at java.base/jdk.internal.reflect.DirectMethodHandleAccessor.invoke(DirectMethodHandleAccessor.java:104)
	at java.base/java.lang.reflect.Method.invoke(Method.java:565)
	at org.testng.internal.invokers.MethodInvocationHelper.invokeMethod(MethodInvocationHelper.java:141)
	at org.testng.internal.invokers.TestInvoker.invokeMethod(TestInvoker.java:697)
	at org.testng.internal.invokers.TestInvoker.invokeTestMethod(TestInvoker.java:230)
	at org.testng.internal.invokers.MethodRunner.runInSequence(MethodRunner.java:63)
	at org.testng.internal.invokers.TestInvoker$MethodInvocationAgent.invoke(TestInvoker.java:1005)
	at org.testng.internal.invokers.TestInvoker.invokeTestMethods(TestInvoker.java:203)
	at org.testng.internal.invokers.TestMethodWorker.invokeTestMethods(TestMethodWorker.java:154)
	at org.testng.internal.invokers.TestMethodWorker.run(TestMethodWorker.java:134)
	at java.base/java.util.ArrayList.forEach(ArrayList.java:1604)
	at org.testng.TestRunner.privateRun(TestRunner.java:744)
	at org.testng.TestRunner.run(TestRunner.java:616)
	at org.testng.SuiteRunner.runTest(SuiteRunner.java:421)
	at org.testng.SuiteRunner.runSequentially(SuiteRunner.java:413)
	at org.testng.SuiteRunner.privateRun(SuiteRunner.java:373)
	at org.testng.SuiteRunner.run(SuiteRunner.java:312)
	at org.testng.SuiteRunnerWorker.runSuite(SuiteRunnerWorker.java:52)
	at org.testng.SuiteRunnerWorker.run(SuiteRunnerWorker.java:95)
	at org.testng.TestNG.runSuitesSequentially(TestNG.java:1274)
	at org.testng.TestNG.runSuitesLocally(TestNG.java:1208)
	at org.testng.TestNG.runSuites(TestNG.java:1112)
	at org.testng.TestNG.run(TestNG.java:1079)
	at org.testng.remote.AbstractRemoteTestNG.run(AbstractRemoteTestNG.java:115)
	at org.testng.remote.RemoteTestNG.initAndRun(RemoteTestNG.java:293)
	at org.testng.remote.RemoteTestNG.main(RemoteTestNG.java:91)
</pre></div></td>
<td>2</td>
<td>negative.FlightBookingTestWithNonNumericCCDetails@6aeb35e6</td></tr>
<tr>
<td title='negative.FlightBookingTestWithRequireFieldBlank.testWithRequireFieldBlank()'><b>testWithRequireFieldBlank</b><br>Test class: negative.FlightBookingTestWithRequireFieldBlank<br>Parameters: Boston, New York,  , 9483 Sctor33,  , Delhi, 201301, American Express,  , 10,  , Anurag kumar maurya</td>
<td><div><pre>java.lang.AssertionError: BUG is present: WebSite allows booking even when required fields are blank expected [false] but found [true]
	at negative.FlightBookingTestWithRequireFieldBlank.testWithRequireFieldBlank(FlightBookingTestWithRequireFieldBlank.java:42)
	at java.base/java.util.ArrayList.forEach(ArrayList.java:1604)
... Removed 28 stack frames</pre></div><a href='#' onClick='toggleBox("stack-trace1250848393", this, "Click to show all stack frames", "Click to hide stack frames")'>Click to show all stack frames</a>
<div class='stack-trace' id='stack-trace1250848393'><pre>java.lang.AssertionError: BUG is present: WebSite allows booking even when required fields are blank expected [false] but found [true]
	at org.testng.Assert.fail(Assert.java:111)
	at org.testng.Assert.failNotEquals(Assert.java:1590)
	at org.testng.Assert.assertFalse(Assert.java:79)
	at negative.FlightBookingTestWithRequireFieldBlank.testWithRequireFieldBlank(FlightBookingTestWithRequireFieldBlank.java:42)
	at java.base/jdk.internal.reflect.DirectMethodHandleAccessor.invoke(DirectMethodHandleAccessor.java:104)
	at java.base/java.lang.reflect.Method.invoke(Method.java:565)
	at org.testng.internal.invokers.MethodInvocationHelper.invokeMethod(MethodInvocationHelper.java:141)
	at org.testng.internal.invokers.TestInvoker.invokeMethod(TestInvoker.java:697)
	at org.testng.internal.invokers.TestInvoker.invokeTestMethod(TestInvoker.java:230)
	at org.testng.internal.invokers.MethodRunner.runInSequence(MethodRunner.java:63)
	at org.testng.internal.invokers.TestInvoker$MethodInvocationAgent.invoke(TestInvoker.java:1005)
	at org.testng.internal.invokers.TestInvoker.invokeTestMethods(TestInvoker.java:203)
	at org.testng.internal.invokers.TestMethodWorker.invokeTestMethods(TestMethodWorker.java:154)
	at org.testng.internal.invokers.TestMethodWorker.run(TestMethodWorker.java:134)
	at java.base/java.util.ArrayList.forEach(ArrayList.java:1604)
	at org.testng.TestRunner.privateRun(TestRunner.java:744)
	at org.testng.TestRunner.run(TestRunner.java:616)
	at org.testng.SuiteRunner.runTest(SuiteRunner.java:421)
	at org.testng.SuiteRunner.runSequentially(SuiteRunner.java:413)
	at org.testng.SuiteRunner.privateRun(SuiteRunner.java:373)
	at org.testng.SuiteRunner.run(SuiteRunner.java:312)
	at org.testng.SuiteRunnerWorker.runSuite(SuiteRunnerWorker.java:52)
	at org.testng.SuiteRunnerWorker.run(SuiteRunnerWorker.java:95)
	at org.testng.TestNG.runSuitesSequentially(TestNG.java:1274)
	at org.testng.TestNG.runSuitesLocally(TestNG.java:1208)
	at org.testng.TestNG.runSuites(TestNG.java:1112)
	at org.testng.TestNG.run(TestNG.java:1079)
	at org.testng.remote.AbstractRemoteTestNG.run(AbstractRemoteTestNG.java:115)
	at org.testng.remote.RemoteTestNG.initAndRun(RemoteTestNG.java:293)
	at org.testng.remote.RemoteTestNG.main(RemoteTestNG.java:91)
</pre></div></td>
<td>2</td>
<td>negative.FlightBookingTestWithRequireFieldBlank@42a48628</td></tr>
<tr>
<td title='negative.FlightBookingTestWithBlankCCDetail.testWithBlankCCDetail()'><b>testWithBlankCCDetail</b><br>Test class: negative.FlightBookingTestWithBlankCCDetail<br>Parameters: Philadelphia, London, Vivek, 6832 Sector 4, Noida, UP, 201318, Diner's Club, , 09, 2030, Vivekanand</td>
<td><div><pre>java.lang.AssertionError: BUG : WebSite allows to book flight even when credit card details are not filed  expected [false] but found [true]
	at negative.FlightBookingTestWithBlankCCDetail.testWithBlankCCDetail(FlightBookingTestWithBlankCCDetail.java:40)
	at java.base/java.util.ArrayList.forEach(ArrayList.java:1604)
... Removed 28 stack frames</pre></div><a href='#' onClick='toggleBox("stack-trace2077150966", this, "Click to show all stack frames", "Click to hide stack frames")'>Click to show all stack frames</a>
<div class='stack-trace' id='stack-trace2077150966'><pre>java.lang.AssertionError: BUG : WebSite allows to book flight even when credit card details are not filed  expected [false] but found [true]
	at org.testng.Assert.fail(Assert.java:111)
	at org.testng.Assert.failNotEquals(Assert.java:1590)
	at org.testng.Assert.assertFalse(Assert.java:79)
	at negative.FlightBookingTestWithBlankCCDetail.testWithBlankCCDetail(FlightBookingTestWithBlankCCDetail.java:40)
	at java.base/jdk.internal.reflect.DirectMethodHandleAccessor.invoke(DirectMethodHandleAccessor.java:104)
	at java.base/java.lang.reflect.Method.invoke(Method.java:565)
	at org.testng.internal.invokers.MethodInvocationHelper.invokeMethod(MethodInvocationHelper.java:141)
	at org.testng.internal.invokers.TestInvoker.invokeMethod(TestInvoker.java:697)
	at org.testng.internal.invokers.TestInvoker.invokeTestMethod(TestInvoker.java:230)
	at org.testng.internal.invokers.MethodRunner.runInSequence(MethodRunner.java:63)
	at org.testng.internal.invokers.TestInvoker$MethodInvocationAgent.invoke(TestInvoker.java:1005)
	at org.testng.internal.invokers.TestInvoker.invokeTestMethods(TestInvoker.java:203)
	at org.testng.internal.invokers.TestMethodWorker.invokeTestMethods(TestMethodWorker.java:154)
	at org.testng.internal.invokers.TestMethodWorker.run(TestMethodWorker.java:134)
	at java.base/java.util.ArrayList.forEach(ArrayList.java:1604)
	at org.testng.TestRunner.privateRun(TestRunner.java:744)
	at org.testng.TestRunner.run(TestRunner.java:616)
	at org.testng.SuiteRunner.runTest(SuiteRunner.java:421)
	at org.testng.SuiteRunner.runSequentially(SuiteRunner.java:413)
	at org.testng.SuiteRunner.privateRun(SuiteRunner.java:373)
	at org.testng.SuiteRunner.run(SuiteRunner.java:312)
	at org.testng.SuiteRunnerWorker.runSuite(SuiteRunnerWorker.java:52)
	at org.testng.SuiteRunnerWorker.run(SuiteRunnerWorker.java:95)
	at org.testng.TestNG.runSuitesSequentially(TestNG.java:1274)
	at org.testng.TestNG.runSuitesLocally(TestNG.java:1208)
	at org.testng.TestNG.runSuites(TestNG.java:1112)
	at org.testng.TestNG.run(TestNG.java:1079)
	at org.testng.remote.AbstractRemoteTestNG.run(AbstractRemoteTestNG.java:115)
	at org.testng.remote.RemoteTestNG.initAndRun(RemoteTestNG.java:293)
	at org.testng.remote.RemoteTestNG.main(RemoteTestNG.java:91)
</pre></div></td>
<td>2</td>
<td>negative.FlightBookingTestWithBlankCCDetail@293a5bf6</td></tr>
</table><p>
<table width='100%' border='1' class='invocation-passed'>
<tr><td colspan='4' align='center'><b>PASSED TESTS</b></td></tr>
<tr><td><b>Test method</b></td>
<td><b>Attribute(s)</b></td>
<td width="30%"><b>Exception</b></td>
<td width="10%"><b>Time (seconds)</b></td>
<td><b>Instance</b></td>
</tr>
<tr>
<td title='functional.FlightBookingTestWithDetail.flightBookingsWithDataDriven()'><b>flightBookingsWithDataDriven</b><br>Test class: functional.FlightBookingTestWithDetail<br>Parameters: Philadelphia, London, Vivek, 6832 Sector 4, Noida, UP, 201318, Diner's Club, 45867039123684923, 09, 2030, Vivekanand</td>
<td></td>
<td>2</td>
<td>functional.FlightBookingTestWithDetail@7e07db1f</td></tr>
<tr>
<td title='functional.FlightBookingTestWithDetail.flightBookingsWithDataDriven()'><b>flightBookingsWithDataDriven</b><br>Test class: functional.FlightBookingTestWithDetail<br>Parameters: SÃ£o Paolo, Rome, Upendra, dheps obra, Sonebhadra, UP, 231219, Visa, 3950684312003922, 07, 2027, Upendra Sharma</td>
<td></td>
<td>2</td>
<td>functional.FlightBookingTestWithDetail@7e07db1f</td></tr>
<tr>
<td title='smoke.HappyPathTest.happyPathSmoke()'><b>happyPathSmoke</b><br>Test class: smoke.HappyPathTest<br>Parameters: Boston, New York, Anurag, 9483 Sctor33, Delhi, Delhi, 201301, American Express, 9567432100039532, 10, 2031, Anurag kumar maurya</td>
<td></td>
<td>2</td>
<td>smoke.HappyPathTest@130d63be</td></tr>
<tr>
<td title='functional.FlightBookingTestWithDetail.flightBookingsWithDataDriven()'><b>flightBookingsWithDataDriven</b><br>Test class: functional.FlightBookingTestWithDetail<br>Parameters: Boston, New York, Anurag, 9483 Sctor33, Delhi, Delhi, 201301, American Express, 9567432100039532, 10, 2031, Anurag kumar maurya</td>
<td></td>
<td>2</td>
<td>functional.FlightBookingTestWithDetail@7e07db1f</td></tr>
</table><p>
</body>
</html>