<?xml version="1.0" encoding="UTF-8"?>
<!-- Generated by org.testng.reporters.JUnitXMLReporter -->
<testsuite ignored="0" hostname="Anurag_Maurya" failures="3" tests="3" name="Test" time="19.833" errors="0" timestamp="2026-02-03T17:28:36 IST">
  <testcase classname="negative.FlightBookingTestWithRequireFieldBlank" name="negativeTest" time="4.582">
    <failure type="java.lang.AssertionError" message="BUG is present: WebSite allows booking even when required fields are blank expected [false] but found [true]">
      <![CDATA[java.lang.AssertionError: BUG is present: WebSite allows booking even when required fields are blank expected [false] but found [true]
at negative.FlightBookingTestWithRequireFieldBlank.negativeTest(FlightBookingTestWithRequireFieldBlank.java:41)
at java.base/java.util.ArrayList.forEach(ArrayList.java:1604)
... Removed 28 stack frames]]>
    </failure>
  </testcase> <!-- negativeTest -->
  <testcase classname="negative.FlightBookingTestWithBlankCCDetail" name="testWithBlankCCDetail" time="3.322">
    <failure type="java.lang.AssertionError" message="BUG : WebSite allows to book flight even when credit card details are not filed  expected [false] but found [true]">
      <![CDATA[java.lang.AssertionError: BUG : WebSite allows to book flight even when credit card details are not filed  expected [false] but found [true]
at negative.FlightBookingTestWithBlankCCDetail.testWithBlankCCDetail(FlightBookingTestWithBlankCCDetail.java:41)
at java.base/java.util.ArrayList.forEach(ArrayList.java:1604)
... Removed 28 stack frames]]>
    </failure>
  </testcase> <!-- testWithBlankCCDetail -->
  <testcase classname="negative.FlightBookingTestWithNonNumericCCDetails" name="nonNumericCCDetail" time="3.269">
    <failure type="java.lang.AssertionError" message="BUG is present: WebPage navigateed to confirmation page even when credit card number are non numeric expected [false] but found [true]">
      <![CDATA[java.lang.AssertionError: BUG is present: WebPage navigateed to confirmation page even when credit card number are non numeric expected [false] but found [true]
at negative.FlightBookingTestWithNonNumericCCDetails.nonNumericCCDetail(FlightBookingTestWithNonNumericCCDetails.java:42)
at java.base/java.util.ArrayList.forEach(ArrayList.java:1604)
... Removed 28 stack frames]]>
    </failure>
  </testcase> <!-- nonNumericCCDetail -->
</testsuite> <!-- Test -->
