<?xml version="1.0" encoding="UTF-8"?>
<!-- Generated by org.testng.reporters.JUnitXMLReporter -->
<testsuite ignored="0" hostname="Anurag_Maurya" failures="3" tests="3" name="Test" time="18.699" errors="0" timestamp="2026-02-03T01:24:31 IST">
  <testcase classname="negative.FlightBookingTestWithRequireFieldBlank" name="negativeTest" time="4.397">
    <failure type="java.lang.AssertionError" message="WebSite allows booking even when required fileds are blank expected [false] but found [true]">
      <![CDATA[java.lang.AssertionError: WebSite allows booking even when required fileds are blank expected [false] but found [true]
at negative.FlightBookingTestWithRequireFieldBlank.negativeTest(FlightBookingTestWithRequireFieldBlank.java:42)
at java.base/java.util.ArrayList.forEach(ArrayList.java:1604)
... Removed 32 stack frames]]>
    </failure>
  </testcase> <!-- negativeTest -->
  <testcase classname="negative.FlightBookingTestWithBlankCCDetail" name="testWithBlankCCDetail" time="3.431">
    <failure type="java.lang.AssertionError" message="Confirmation page should not be Displayed, user remains on Purchase page expected [false] but found [true]">
      <![CDATA[java.lang.AssertionError: Confirmation page should not be Displayed, user remains on Purchase page expected [false] but found [true]
at negative.FlightBookingTestWithBlankCCDetail.testWithBlankCCDetail(FlightBookingTestWithBlankCCDetail.java:40)
at java.base/java.util.ArrayList.forEach(ArrayList.java:1604)
... Removed 32 stack frames]]>
    </failure>
  </testcase> <!-- testWithBlankCCDetail -->
  <testcase classname="negative.FlightBookingTestWithNonNumericCCDetails" name="nonNumericCCDetail" time="3.085">
    <failure type="java.lang.AssertionError" message="User remains on Purchase page, for entering non numeric Credit card no. expected [false] but found [true]">
      <![CDATA[java.lang.AssertionError: User remains on Purchase page, for entering non numeric Credit card no. expected [false] but found [true]
at negative.FlightBookingTestWithNonNumericCCDetails.nonNumericCCDetail(FlightBookingTestWithNonNumericCCDetails.java:42)
at java.base/java.util.ArrayList.forEach(ArrayList.java:1604)
... Removed 32 stack frames]]>
    </failure>
  </testcase> <!-- nonNumericCCDetail -->
</testsuite> <!-- Test -->
