<?xml version="1.0" encoding="UTF-8"?>
<testng-results ignored="0" total="7" passed="4" failed="3" skipped="0">
  <reporter-output>
  </reporter-output>
  <suite started-at="2026-02-03T19:50:44 IST" name="Suite" finished-at="2026-02-03T19:51:15 IST" duration-ms="31101">
    <groups>
      <group name="negative">
        <method signature="FlightBookingTestWithBlankCCDetail.testWithBlankCCDetail(java.lang.String,java.lang.String,java.lang.String,java.lang.String,java.lang.String,java.lang.String,java.lang.String,java.lang.String,java.lang.String,java.lang.String,java.lang.String,java.lang.String)[pri:0, instance:negative.FlightBookingTestWithBlankCCDetail@293a5bf6]" name="testWithBlankCCDetail" class="negative.FlightBookingTestWithBlankCCDetail"/>
        <method signature="FlightBookingTestWithNonNumericCCDetails.testWithNonNumericCCDetail(java.lang.String,java.lang.String,java.lang.String,java.lang.String,java.lang.String,java.lang.String,java.lang.String,java.lang.String,java.lang.String,java.lang.String,java.lang.String,java.lang.String)[pri:0, instance:negative.FlightBookingTestWithNonNumericCCDetails@6aeb35e6]" name="testWithNonNumericCCDetail" class="negative.FlightBookingTestWithNonNumericCCDetails"/>
        <method signature="FlightBookingTestWithRequireFieldBlank.testWithRequireFieldBlank(java.lang.String,java.lang.String,java.lang.String,java.lang.String,java.lang.String,java.lang.String,java.lang.String,java.lang.String,java.lang.String,java.lang.String,java.lang.String,java.lang.String)[pri:0, instance:negative.FlightBookingTestWithRequireFieldBlank@42a48628]" name="testWithRequireFieldBlank" class="negative.FlightBookingTestWithRequireFieldBlank"/>
      </group> <!-- negative -->
      <group name="functional">
        <method signature="FlightBookingTestWithDetail.flightBookingsWithDataDriven(java.lang.String,java.lang.String,java.lang.String,java.lang.String,java.lang.String,java.lang.String,java.lang.String,java.lang.String,java.lang.String,java.lang.String,java.lang.String,java.lang.String)[pri:0, instance:functional.FlightBookingTestWithDetail@7e07db1f]" name="flightBookingsWithDataDriven" class="functional.FlightBookingTestWithDetail"/>
      </group> <!-- functional -->
      <group name="smoke">
        <method signature="HappyPathTest.happyPathSmoke(java.lang.String,java.lang.String,java.lang.String,java.lang.String,java.lang.String,java.lang.String,java.lang.String,java.lang.String,java.lang.String,java.lang.String,java.lang.String,java.lang.String)[pri:0, instance:smoke.HappyPathTest@130d63be]" name="happyPathSmoke" class="smoke.HappyPathTest"/>
      </group> <!-- smoke -->
    </groups>
    <test started-at="2026-02-03T19:50:44 IST" name="Smoke + Functional + Negative" finished-at="2026-02-03T19:51:15 IST" duration-ms="31101">
      <class name="negative.FlightBookingTestWithBlankCCDetail">
        <test-method is-config="true" signature="setup()[pri:0, instance:negative.FlightBookingTestWithBlankCCDetail@293a5bf6]" started-at="2026-02-03T19:51:06 IST" name="setup" finished-at="2026-02-03T19:51:08 IST" duration-ms="2254" status="PASS">
          <reporter-output>
          </reporter-output>
        </test-method> <!-- setup -->
        <test-method signature="testWithBlankCCDetail(java.lang.String,java.lang.String,java.lang.String,java.lang.String,java.lang.String,java.lang.String,java.lang.String,java.lang.String,java.lang.String,java.lang.String,java.lang.String,java.lang.String)[pri:0, instance:negative.FlightBookingTestWithBlankCCDetail@293a5bf6]" started-at="2026-02-03T19:51:08 IST" name="testWithBlankCCDetail" data-provider="supplyData" finished-at="2026-02-03T19:51:10 IST" duration-ms="2108" status="FAIL">
          <params>
            <param index="0">
              <value>
                <![CDATA[Philadelphia]]>
              </value>
            </param>
            <param index="1">
              <value>
                <![CDATA[London]]>
              </value>
            </param>
            <param index="2">
              <value>
                <![CDATA[Vivek]]>
              </value>
            </param>
            <param index="3">
              <value>
                <![CDATA[6832 Sector 4]]>
              </value>
            </param>
            <param index="4">
              <value>
                <![CDATA[Noida]]>
              </value>
            </param>
            <param index="5">
              <value>
                <![CDATA[UP]]>
              </value>
            </param>
            <param index="6">
              <value>
                <![CDATA[201318]]>
              </value>
            </param>
            <param index="7">
              <value>
                <![CDATA[Diner's Club]]>
              </value>
            </param>
            <param index="8">
              <value>
                <![CDATA[]]>
              </value>
            </param>
            <param index="9">
              <value>
                <![CDATA[09]]>
              </value>
            </param>
            <param index="10">
              <value>
                <![CDATA[2030]]>
              </value>
            </param>
            <param index="11">
              <value>
                <![CDATA[Vivekanand]]>
              </value>
            </param>
          </params>
          <exception class="java.lang.AssertionError">
            <message>
              <![CDATA[BUG : WebSite allows to book flight even when credit card details are not filed  expected [false] but found [true]]]>
            </message>
            <full-stacktrace>
              <![CDATA[java.lang.AssertionError: BUG : WebSite allows to book flight even when credit card details are not filed  expected [false] but found [true]
at org.testng.Assert.fail(Assert.java:111)
at org.testng.Assert.failNotEquals(Assert.java:1590)
at org.testng.Assert.assertFalse(Assert.java:79)
at negative.FlightBookingTestWithBlankCCDetail.testWithBlankCCDetail(FlightBookingTestWithBlankCCDetail.java:40)
at java.base/jdk.internal.reflect.DirectMethodHandleAccessor.invoke(DirectMethodHandleAccessor.java:104)
at java.base/java.lang.reflect.Method.invoke(Method.java:565)
at org.testng.internal.invokers.MethodInvocationHelper.invokeMethod(MethodInvocationHelper.java:141)
at org.testng.internal.invokers.TestInvoker.invokeMethod(TestInvoker.java:697)
at org.testng.internal.invokers.TestInvoker.invokeTestMethod(TestInvoker.java:230)
at org.testng.internal.invokers.MethodRunner.runInSequence(MethodRunner.java:63)
at org.testng.internal.invokers.TestInvoker$MethodInvocationAgent.invoke(TestInvoker.java:1005)
at org.testng.internal.invokers.TestInvoker.invokeTestMethods(TestInvoker.java:203)
at org.testng.internal.invokers.TestMethodWorker.invokeTestMethods(TestMethodWorker.java:154)
at org.testng.internal.invokers.TestMethodWorker.run(TestMethodWorker.java:134)
at java.base/java.util.ArrayList.forEach(ArrayList.java:1604)
at org.testng.TestRunner.privateRun(TestRunner.java:744)
at org.testng.TestRunner.run(TestRunner.java:616)
at org.testng.SuiteRunner.runTest(SuiteRunner.java:421)
at org.testng.SuiteRunner.runSequentially(SuiteRunner.java:413)
at org.testng.SuiteRunner.privateRun(SuiteRunner.java:373)
at org.testng.SuiteRunner.run(SuiteRunner.java:312)
at org.testng.SuiteRunnerWorker.runSuite(SuiteRunnerWorker.java:52)
at org.testng.SuiteRunnerWorker.run(SuiteRunnerWorker.java:95)
at org.testng.TestNG.runSuitesSequentially(TestNG.java:1274)
at org.testng.TestNG.runSuitesLocally(TestNG.java:1208)
at org.testng.TestNG.runSuites(TestNG.java:1112)
at org.testng.TestNG.run(TestNG.java:1079)
at org.testng.remote.AbstractRemoteTestNG.run(AbstractRemoteTestNG.java:115)
at org.testng.remote.RemoteTestNG.initAndRun(RemoteTestNG.java:293)
at org.testng.remote.RemoteTestNG.main(RemoteTestNG.java:91)
]]>
            </full-stacktrace>
          </exception> <!-- java.lang.AssertionError -->
          <reporter-output>
          </reporter-output>
        </test-method> <!-- testWithBlankCCDetail -->
        <test-method is-config="true" signature="tearDown()[pri:0, instance:negative.FlightBookingTestWithBlankCCDetail@293a5bf6]" started-at="2026-02-03T19:51:10 IST" name="tearDown" finished-at="2026-02-03T19:51:11 IST" duration-ms="109" status="PASS">
          <reporter-output>
          </reporter-output>
        </test-method> <!-- tearDown -->
      </class> <!-- negative.FlightBookingTestWithBlankCCDetail -->
      <class name="smoke.HappyPathTest">
        <test-method is-config="true" signature="setup()[pri:0, instance:smoke.HappyPathTest@130d63be]" started-at="2026-02-03T19:50:58 IST" name="setup" finished-at="2026-02-03T19:51:00 IST" duration-ms="1884" status="PASS">
          <reporter-output>
          </reporter-output>
        </test-method> <!-- setup -->
        <test-method signature="happyPathSmoke(java.lang.String,java.lang.String,java.lang.String,java.lang.String,java.lang.String,java.lang.String,java.lang.String,java.lang.String,java.lang.String,java.lang.String,java.lang.String,java.lang.String)[pri:0, instance:smoke.HappyPathTest@130d63be]" started-at="2026-02-03T19:51:00 IST" name="happyPathSmoke" data-provider="supplyData" finished-at="2026-02-03T19:51:02 IST" duration-ms="2136" status="PASS">
          <params>
            <param index="0">
              <value>
                <![CDATA[Boston]]>
              </value>
            </param>
            <param index="1">
              <value>
                <![CDATA[New York]]>
              </value>
            </param>
            <param index="2">
              <value>
                <![CDATA[Anurag]]>
              </value>
            </param>
            <param index="3">
              <value>
                <![CDATA[9483 Sctor33]]>
              </value>
            </param>
            <param index="4">
              <value>
                <![CDATA[Delhi]]>
              </value>
            </param>
            <param index="5">
              <value>
                <![CDATA[Delhi]]>
              </value>
            </param>
            <param index="6">
              <value>
                <![CDATA[201301]]>
              </value>
            </param>
            <param index="7">
              <value>
                <![CDATA[American Express]]>
              </value>
            </param>
            <param index="8">
              <value>
                <![CDATA[9567432100039532]]>
              </value>
            </param>
            <param index="9">
              <value>
                <![CDATA[10]]>
              </value>
            </param>
            <param index="10">
              <value>
                <![CDATA[2031]]>
              </value>
            </param>
            <param index="11">
              <value>
                <![CDATA[Anurag kumar maurya]]>
              </value>
            </param>
          </params>
          <reporter-output>
          </reporter-output>
        </test-method> <!-- happyPathSmoke -->
        <test-method is-config="true" signature="tearDown()[pri:0, instance:smoke.HappyPathTest@130d63be]" started-at="2026-02-03T19:51:02 IST" name="tearDown" finished-at="2026-02-03T19:51:02 IST" duration-ms="102" status="PASS">
          <reporter-output>
          </reporter-output>
        </test-method> <!-- tearDown -->
      </class> <!-- smoke.HappyPathTest -->
      <class name="negative.FlightBookingTestWithNonNumericCCDetails">
        <test-method is-config="true" signature="setup()[pri:0, instance:negative.FlightBookingTestWithNonNumericCCDetails@6aeb35e6]" started-at="2026-02-03T19:51:11 IST" name="setup" finished-at="2026-02-03T19:51:12 IST" duration-ms="1796" status="PASS">
          <reporter-output>
          </reporter-output>
        </test-method> <!-- setup -->
        <test-method signature="testWithNonNumericCCDetail(java.lang.String,java.lang.String,java.lang.String,java.lang.String,java.lang.String,java.lang.String,java.lang.String,java.lang.String,java.lang.String,java.lang.String,java.lang.String,java.lang.String)[pri:0, instance:negative.FlightBookingTestWithNonNumericCCDetails@6aeb35e6]" started-at="2026-02-03T19:51:12 IST" name="testWithNonNumericCCDetail" data-provider="supplyData" finished-at="2026-02-03T19:51:15 IST" duration-ms="2674" status="FAIL">
          <params>
            <param index="0">
              <value>
                <![CDATA[Philadelphia]]>
              </value>
            </param>
            <param index="1">
              <value>
                <![CDATA[London]]>
              </value>
            </param>
            <param index="2">
              <value>
                <![CDATA[Vivek]]>
              </value>
            </param>
            <param index="3">
              <value>
                <![CDATA[6832 Sector 4]]>
              </value>
            </param>
            <param index="4">
              <value>
                <![CDATA[Noida]]>
              </value>
            </param>
            <param index="5">
              <value>
                <![CDATA[UP]]>
              </value>
            </param>
            <param index="6">
              <value>
                <![CDATA[201318]]>
              </value>
            </param>
            <param index="7">
              <value>
                <![CDATA[Diner's Club]]>
              </value>
            </param>
            <param index="8">
              <value>
                <![CDATA[$^FlightBooking*#%]]>
              </value>
            </param>
            <param index="9">
              <value>
                <![CDATA[09]]>
              </value>
            </param>
            <param index="10">
              <value>
                <![CDATA[2030]]>
              </value>
            </param>
            <param index="11">
              <value>
                <![CDATA[Vivekanand]]>
              </value>
            </param>
          </params>
          <exception class="java.lang.AssertionError">
            <message>
              <![CDATA[BUG is present: WebPage navigateed to confirmation page even when credit card number are non numeric expected [false] but found [true]]]>
            </message>
            <full-stacktrace>
              <![CDATA[java.lang.AssertionError: BUG is present: WebPage navigateed to confirmation page even when credit card number are non numeric expected [false] but found [true]
at org.testng.Assert.fail(Assert.java:111)
at org.testng.Assert.failNotEquals(Assert.java:1590)
at org.testng.Assert.assertFalse(Assert.java:79)
at negative.FlightBookingTestWithNonNumericCCDetails.testWithNonNumericCCDetail(FlightBookingTestWithNonNumericCCDetails.java:42)
at java.base/jdk.internal.reflect.DirectMethodHandleAccessor.invoke(DirectMethodHandleAccessor.java:104)
at java.base/java.lang.reflect.Method.invoke(Method.java:565)
at org.testng.internal.invokers.MethodInvocationHelper.invokeMethod(MethodInvocationHelper.java:141)
at org.testng.internal.invokers.TestInvoker.invokeMethod(TestInvoker.java:697)
at org.testng.internal.invokers.TestInvoker.invokeTestMethod(TestInvoker.java:230)
at org.testng.internal.invokers.MethodRunner.runInSequence(MethodRunner.java:63)
at org.testng.internal.invokers.TestInvoker$MethodInvocationAgent.invoke(TestInvoker.java:1005)
at org.testng.internal.invokers.TestInvoker.invokeTestMethods(TestInvoker.java:203)
at org.testng.internal.invokers.TestMethodWorker.invokeTestMethods(TestMethodWorker.java:154)
at org.testng.internal.invokers.TestMethodWorker.run(TestMethodWorker.java:134)
at java.base/java.util.ArrayList.forEach(ArrayList.java:1604)
at org.testng.TestRunner.privateRun(TestRunner.java:744)
at org.testng.TestRunner.run(TestRunner.java:616)
at org.testng.SuiteRunner.runTest(SuiteRunner.java:421)
at org.testng.SuiteRunner.runSequentially(SuiteRunner.java:413)
at org.testng.SuiteRunner.privateRun(SuiteRunner.java:373)
at org.testng.SuiteRunner.run(SuiteRunner.java:312)
at org.testng.SuiteRunnerWorker.runSuite(SuiteRunnerWorker.java:52)
at org.testng.SuiteRunnerWorker.run(SuiteRunnerWorker.java:95)
at org.testng.TestNG.runSuitesSequentially(TestNG.java:1274)
at org.testng.TestNG.runSuitesLocally(TestNG.java:1208)
at org.testng.TestNG.runSuites(TestNG.java:1112)
at org.testng.TestNG.run(TestNG.java:1079)
at org.testng.remote.AbstractRemoteTestNG.run(AbstractRemoteTestNG.java:115)
at org.testng.remote.RemoteTestNG.initAndRun(RemoteTestNG.java:293)
at org.testng.remote.RemoteTestNG.main(RemoteTestNG.java:91)
]]>
            </full-stacktrace>
          </exception> <!-- java.lang.AssertionError -->
          <reporter-output>
          </reporter-output>
        </test-method> <!-- testWithNonNumericCCDetail -->
        <test-method is-config="true" signature="tearDown()[pri:0, instance:negative.FlightBookingTestWithNonNumericCCDetails@6aeb35e6]" started-at="2026-02-03T19:51:15 IST" name="tearDown" finished-at="2026-02-03T19:51:15 IST" duration-ms="108" status="PASS">
          <reporter-output>
          </reporter-output>
        </test-method> <!-- tearDown -->
      </class> <!-- negative.FlightBookingTestWithNonNumericCCDetails -->
      <class name="negative.FlightBookingTestWithRequireFieldBlank">
        <test-method is-config="true" signature="setup()[pri:0, instance:negative.FlightBookingTestWithRequireFieldBlank@42a48628]" started-at="2026-02-03T19:51:02 IST" name="setup" finished-at="2026-02-03T19:51:04 IST" duration-ms="1596" status="PASS">
          <reporter-output>
          </reporter-output>
        </test-method> <!-- setup -->
        <test-method signature="testWithRequireFieldBlank(java.lang.String,java.lang.String,java.lang.String,java.lang.String,java.lang.String,java.lang.String,java.lang.String,java.lang.String,java.lang.String,java.lang.String,java.lang.String,java.lang.String)[pri:0, instance:negative.FlightBookingTestWithRequireFieldBlank@42a48628]" started-at="2026-02-03T19:51:04 IST" name="testWithRequireFieldBlank" data-provider="supplyData" finished-at="2026-02-03T19:51:06 IST" duration-ms="2114" status="FAIL">
          <params>
            <param index="0">
              <value>
                <![CDATA[Boston]]>
              </value>
            </param>
            <param index="1">
              <value>
                <![CDATA[New York]]>
              </value>
            </param>
            <param index="2">
              <value>
                <![CDATA[ ]]>
              </value>
            </param>
            <param index="3">
              <value>
                <![CDATA[9483 Sctor33]]>
              </value>
            </param>
            <param index="4">
              <value>
                <![CDATA[ ]]>
              </value>
            </param>
            <param index="5">
              <value>
                <![CDATA[Delhi]]>
              </value>
            </param>
            <param index="6">
              <value>
                <![CDATA[201301]]>
              </value>
            </param>
            <param index="7">
              <value>
                <![CDATA[American Express]]>
              </value>
            </param>
            <param index="8">
              <value>
                <![CDATA[ ]]>
              </value>
            </param>
            <param index="9">
              <value>
                <![CDATA[10]]>
              </value>
            </param>
            <param index="10">
              <value>
                <![CDATA[ ]]>
              </value>
            </param>
            <param index="11">
              <value>
                <![CDATA[Anurag kumar maurya]]>
              </value>
            </param>
          </params>
          <exception class="java.lang.AssertionError">
            <message>
              <![CDATA[BUG is present: WebSite allows booking even when required fields are blank expected [false] but found [true]]]>
            </message>
            <full-stacktrace>
              <![CDATA[java.lang.AssertionError: BUG is present: WebSite allows booking even when required fields are blank expected [false] but found [true]
at org.testng.Assert.fail(Assert.java:111)
at org.testng.Assert.failNotEquals(Assert.java:1590)
at org.testng.Assert.assertFalse(Assert.java:79)
at negative.FlightBookingTestWithRequireFieldBlank.testWithRequireFieldBlank(FlightBookingTestWithRequireFieldBlank.java:41)
at java.base/jdk.internal.reflect.DirectMethodHandleAccessor.invoke(DirectMethodHandleAccessor.java:104)
at java.base/java.lang.reflect.Method.invoke(Method.java:565)
at org.testng.internal.invokers.MethodInvocationHelper.invokeMethod(MethodInvocationHelper.java:141)
at org.testng.internal.invokers.TestInvoker.invokeMethod(TestInvoker.java:697)
at org.testng.internal.invokers.TestInvoker.invokeTestMethod(TestInvoker.java:230)
at org.testng.internal.invokers.MethodRunner.runInSequence(MethodRunner.java:63)
at org.testng.internal.invokers.TestInvoker$MethodInvocationAgent.invoke(TestInvoker.java:1005)
at org.testng.internal.invokers.TestInvoker.invokeTestMethods(TestInvoker.java:203)
at org.testng.internal.invokers.TestMethodWorker.invokeTestMethods(TestMethodWorker.java:154)
at org.testng.internal.invokers.TestMethodWorker.run(TestMethodWorker.java:134)
at java.base/java.util.ArrayList.forEach(ArrayList.java:1604)
at org.testng.TestRunner.privateRun(TestRunner.java:744)
at org.testng.TestRunner.run(TestRunner.java:616)
at org.testng.SuiteRunner.runTest(SuiteRunner.java:421)
at org.testng.SuiteRunner.runSequentially(SuiteRunner.java:413)
at org.testng.SuiteRunner.privateRun(SuiteRunner.java:373)
at org.testng.SuiteRunner.run(SuiteRunner.java:312)
at org.testng.SuiteRunnerWorker.runSuite(SuiteRunnerWorker.java:52)
at org.testng.SuiteRunnerWorker.run(SuiteRunnerWorker.java:95)
at org.testng.TestNG.runSuitesSequentially(TestNG.java:1274)
at org.testng.TestNG.runSuitesLocally(TestNG.java:1208)
at org.testng.TestNG.runSuites(TestNG.java:1112)
at org.testng.TestNG.run(TestNG.java:1079)
at org.testng.remote.AbstractRemoteTestNG.run(AbstractRemoteTestNG.java:115)
at org.testng.remote.RemoteTestNG.initAndRun(RemoteTestNG.java:293)
at org.testng.remote.RemoteTestNG.main(RemoteTestNG.java:91)
]]>
            </full-stacktrace>
          </exception> <!-- java.lang.AssertionError -->
          <reporter-output>
          </reporter-output>
        </test-method> <!-- testWithRequireFieldBlank -->
        <test-method is-config="true" signature="tearDown()[pri:0, instance:negative.FlightBookingTestWithRequireFieldBlank@42a48628]" started-at="2026-02-03T19:51:06 IST" name="tearDown" finished-at="2026-02-03T19:51:06 IST" duration-ms="109" status="PASS">
          <reporter-output>
          </reporter-output>
        </test-method> <!-- tearDown -->
      </class> <!-- negative.FlightBookingTestWithRequireFieldBlank -->
      <class name="functional.FlightBookingTestWithDetail">
        <test-method is-config="true" signature="setup()[pri:0, instance:functional.FlightBookingTestWithDetail@7e07db1f]" started-at="2026-02-03T19:50:44 IST" name="setup" finished-at="2026-02-03T19:50:47 IST" duration-ms="2666" status="PASS">
          <reporter-output>
          </reporter-output>
        </test-method> <!-- setup -->
        <test-method signature="flightBookingsWithDataDriven(java.lang.String,java.lang.String,java.lang.String,java.lang.String,java.lang.String,java.lang.String,java.lang.String,java.lang.String,java.lang.String,java.lang.String,java.lang.String,java.lang.String)[pri:0, instance:functional.FlightBookingTestWithDetail@7e07db1f]" started-at="2026-02-03T19:50:47 IST" name="flightBookingsWithDataDriven" data-provider="supplyData" finished-at="2026-02-03T19:50:49 IST" duration-ms="2358" status="PASS">
          <params>
            <param index="0">
              <value>
                <![CDATA[Boston]]>
              </value>
            </param>
            <param index="1">
              <value>
                <![CDATA[New York]]>
              </value>
            </param>
            <param index="2">
              <value>
                <![CDATA[Anurag]]>
              </value>
            </param>
            <param index="3">
              <value>
                <![CDATA[9483 Sctor33]]>
              </value>
            </param>
            <param index="4">
              <value>
                <![CDATA[Delhi]]>
              </value>
            </param>
            <param index="5">
              <value>
                <![CDATA[Delhi]]>
              </value>
            </param>
            <param index="6">
              <value>
                <![CDATA[201301]]>
              </value>
            </param>
            <param index="7">
              <value>
                <![CDATA[American Express]]>
              </value>
            </param>
            <param index="8">
              <value>
                <![CDATA[9567432100039532]]>
              </value>
            </param>
            <param index="9">
              <value>
                <![CDATA[10]]>
              </value>
            </param>
            <param index="10">
              <value>
                <![CDATA[2031]]>
              </value>
            </param>
            <param index="11">
              <value>
                <![CDATA[Anurag kumar maurya]]>
              </value>
            </param>
          </params>
          <reporter-output>
          </reporter-output>
        </test-method> <!-- flightBookingsWithDataDriven -->
        <test-method is-config="true" signature="tearDown()[pri:0, instance:functional.FlightBookingTestWithDetail@7e07db1f]" started-at="2026-02-03T19:50:49 IST" name="tearDown" finished-at="2026-02-03T19:50:49 IST" duration-ms="113" status="PASS">
          <reporter-output>
          </reporter-output>
        </test-method> <!-- tearDown -->
        <test-method is-config="true" signature="setup()[pri:0, instance:functional.FlightBookingTestWithDetail@7e07db1f]" started-at="2026-02-03T19:50:49 IST" name="setup" finished-at="2026-02-03T19:50:51 IST" duration-ms="1803" status="PASS">
          <reporter-output>
          </reporter-output>
        </test-method> <!-- setup -->
        <test-method signature="flightBookingsWithDataDriven(java.lang.String,java.lang.String,java.lang.String,java.lang.String,java.lang.String,java.lang.String,java.lang.String,java.lang.String,java.lang.String,java.lang.String,java.lang.String,java.lang.String)[pri:0, instance:functional.FlightBookingTestWithDetail@7e07db1f]" started-at="2026-02-03T19:50:51 IST" name="flightBookingsWithDataDriven" data-provider="supplyData" finished-at="2026-02-03T19:50:53 IST" duration-ms="2227" status="PASS">
          <params>
            <param index="0">
              <value>
                <![CDATA[Philadelphia]]>
              </value>
            </param>
            <param index="1">
              <value>
                <![CDATA[London]]>
              </value>
            </param>
            <param index="2">
              <value>
                <![CDATA[Vivek]]>
              </value>
            </param>
            <param index="3">
              <value>
                <![CDATA[6832 Sector 4]]>
              </value>
            </param>
            <param index="4">
              <value>
                <![CDATA[Noida]]>
              </value>
            </param>
            <param index="5">
              <value>
                <![CDATA[UP]]>
              </value>
            </param>
            <param index="6">
              <value>
                <![CDATA[201318]]>
              </value>
            </param>
            <param index="7">
              <value>
                <![CDATA[Diner's Club]]>
              </value>
            </param>
            <param index="8">
              <value>
                <![CDATA[45867039123684923]]>
              </value>
            </param>
            <param index="9">
              <value>
                <![CDATA[09]]>
              </value>
            </param>
            <param index="10">
              <value>
                <![CDATA[2030]]>
              </value>
            </param>
            <param index="11">
              <value>
                <![CDATA[Vivekanand]]>
              </value>
            </param>
          </params>
          <reporter-output>
          </reporter-output>
        </test-method> <!-- flightBookingsWithDataDriven -->
        <test-method is-config="true" signature="tearDown()[pri:0, instance:functional.FlightBookingTestWithDetail@7e07db1f]" started-at="2026-02-03T19:50:53 IST" name="tearDown" finished-at="2026-02-03T19:50:54 IST" duration-ms="124" status="PASS">
          <reporter-output>
          </reporter-output>
        </test-method> <!-- tearDown -->
        <test-method is-config="true" signature="setup()[pri:0, instance:functional.FlightBookingTestWithDetail@7e07db1f]" started-at="2026-02-03T19:50:54 IST" name="setup" finished-at="2026-02-03T19:50:55 IST" duration-ms="1770" status="PASS">
          <reporter-output>
          </reporter-output>
        </test-method> <!-- setup -->
        <test-method signature="flightBookingsWithDataDriven(java.lang.String,java.lang.String,java.lang.String,java.lang.String,java.lang.String,java.lang.String,java.lang.String,java.lang.String,java.lang.String,java.lang.String,java.lang.String,java.lang.String)[pri:0, instance:functional.FlightBookingTestWithDetail@7e07db1f]" started-at="2026-02-03T19:50:55 IST" name="flightBookingsWithDataDriven" data-provider="supplyData" finished-at="2026-02-03T19:50:58 IST" duration-ms="2307" status="PASS">
          <params>
            <param index="0">
              <value>
                <![CDATA[SÃ£o Paolo]]>
              </value>
            </param>
            <param index="1">
              <value>
                <![CDATA[Rome]]>
              </value>
            </param>
            <param index="2">
              <value>
                <![CDATA[Upendra]]>
              </value>
            </param>
            <param index="3">
              <value>
                <![CDATA[dheps obra]]>
              </value>
            </param>
            <param index="4">
              <value>
                <![CDATA[Sonebhadra]]>
              </value>
            </param>
            <param index="5">
              <value>
                <![CDATA[UP]]>
              </value>
            </param>
            <param index="6">
              <value>
                <![CDATA[231219]]>
              </value>
            </param>
            <param index="7">
              <value>
                <![CDATA[Visa]]>
              </value>
            </param>
            <param index="8">
              <value>
                <![CDATA[3950684312003922]]>
              </value>
            </param>
            <param index="9">
              <value>
                <![CDATA[07]]>
              </value>
            </param>
            <param index="10">
              <value>
                <![CDATA[2027]]>
              </value>
            </param>
            <param index="11">
              <value>
                <![CDATA[Upendra Sharma]]>
              </value>
            </param>
          </params>
          <reporter-output>
          </reporter-output>
        </test-method> <!-- flightBookingsWithDataDriven -->
        <test-method is-config="true" signature="tearDown()[pri:0, instance:functional.FlightBookingTestWithDetail@7e07db1f]" started-at="2026-02-03T19:50:58 IST" name="tearDown" finished-at="2026-02-03T19:50:58 IST" duration-ms="94" status="PASS">
          <reporter-output>
          </reporter-output>
        </test-method> <!-- tearDown -->
      </class> <!-- functional.FlightBookingTestWithDetail -->
    </test> <!-- Smoke + Functional + Negative -->
  </suite> <!-- Suite -->
</testng-results>
