<?xml version="1.0" encoding="UTF-8"?>
<!-- Generated by org.testng.reporters.JUnitReportReporter -->
<testsuite hostname="Anurag_Maurya" failures="0" tests="3" name="tests.PurchaseePageTest" time="3.529" errors="0" timestamp="2026-02-02T14:22:24 IST" skipped="0">
  <testcase classname="tests.PurchaseePageTest" name="homePageTest" time="1.117"/>
  <testcase classname="tests.PurchaseePageTest" name="chooseFlight" time="0.565"/>
  <testcase classname="tests.PurchaseePageTest" name="purchageDetails" time="1.847"/>
</testsuite> <!-- tests.PurchaseePageTest -->
