<?xml version="1.0" encoding="UTF-8"?>
<!-- Generated by org.testng.reporters.JUnitReportReporter -->
<testsuite hostname="Anurag_Maurya" failures="0" tests="3" name="functional.FlightBookingTest" time="20.839" errors="0" timestamp="2026-02-02T23:28:05 IST" skipped="0">
  <testcase classname="functional.FlightBookingTest" name="flightBookingsWithDetails" time="8.097"/>
  <testcase classname="functional.FlightBookingTest" name="flightBookingsWithDetails" time="6.224"/>
  <testcase classname="functional.FlightBookingTest" name="flightBookingsWithDetails" time="6.518"/>
</testsuite> <!-- functional.FlightBookingTest -->
