<?xml version="1.0" encoding="UTF-8"?>
<!-- Generated by org.testng.reporters.JUnitReportReporter -->
<testsuite hostname="Anurag_Maurya" failures="0" tests="3" name="functional.FlightBookingTestWithDetail" time="13.303" errors="0" timestamp="2026-02-05T00:42:09 IST" skipped="0">
  <testcase classname="functional.FlightBookingTestWithDetail" name="flightBookingsWithDataDriven" time="4.228"/>
  <testcase classname="functional.FlightBookingTestWithDetail" name="flightBookingsWithDataDriven" time="4.726"/>
  <testcase classname="functional.FlightBookingTestWithDetail" name="flightBookingsWithDataDriven" time="4.349"/>
</testsuite> <!-- functional.FlightBookingTestWithDetail -->
