<?xml version="1.0" encoding="UTF-8"?>
<!-- Generated by org.testng.reporters.JUnitReportReporter -->
<testsuite hostname="Anurag_Maurya" failures="0" tests="4" name="tests.ConfirmationPageTest" time="4.078" errors="0" timestamp="2026-02-02T14:50:35 IST" skipped="0">
  <testcase classname="tests.ConfirmationPageTest" name="homePageTest" time="1.282"/>
  <testcase classname="tests.ConfirmationPageTest" name="chooseFlight" time="0.804"/>
  <testcase classname="tests.ConfirmationPageTest" name="purchageDetails" time="1.943"/>
  <testcase classname="tests.ConfirmationPageTest" name="confirmationMsg" time="0.049"/>
</testsuite> <!-- tests.ConfirmationPageTest -->
