<?xml version="1.0" encoding="UTF-8"?>
<!-- Generated by org.testng.reporters.JUnitReportReporter -->
<testsuite hostname="Anurag_Maurya" failures="0" tests="3" name="functional.FlightBookingTestWithDetail" time="13.462" errors="0" timestamp="2026-02-03T19:51:16 IST" skipped="0">
  <testcase classname="functional.FlightBookingTestWithDetail" name="flightBookingsWithDataDriven" time="5.017"/>
  <testcase classname="functional.FlightBookingTestWithDetail" name="flightBookingsWithDataDriven" time="4.274"/>
  <testcase classname="functional.FlightBookingTestWithDetail" name="flightBookingsWithDataDriven" time="4.171"/>
</testsuite> <!-- functional.FlightBookingTestWithDetail -->
