<?xml version="1.0" encoding="UTF-8"?>
<!-- Generated by org.testng.reporters.JUnitReportReporter -->
<testsuite hostname="Anurag_Maurya" failures="0" tests="3" name="functional.FlightBookingTest" time="17.938" errors="0" timestamp="2026-02-03T01:22:35 IST" skipped="0">
  <testcase classname="functional.FlightBookingTest" name="flightBookingsWithDetails" time="6.008"/>
  <testcase classname="functional.FlightBookingTest" name="flightBookingsWithDetails" time="6.331"/>
  <testcase classname="functional.FlightBookingTest" name="flightBookingsWithDetails" time="5.599"/>
</testsuite> <!-- functional.FlightBookingTest -->
